{
  "stats": {
    "suites": 1,
    "tests": 1,
    "passes": 0,
    "pending": 0,
    "failures": 1,
    "start": "2025-04-22T02:21:55.440Z",
    "end": "2025-04-22T02:22:01.501Z",
    "duration": 6061,
    "testsRegistered": 1,
    "passPercent": 0,
    "pendingPercent": 0,
    "other": 0,
    "hasOther": false,
    "skipped": 0,
    "hasSkipped": false
  },
  "results": [
    {
      "uuid": "edf5c1fb-f840-45f8-bdd3-9aeb71d3a2e6",
      "title": "",
      "fullFile": "cypress\\e2e\\spec.cy.ts",
      "file": "cypress\\e2e\\spec.cy.ts",
      "beforeHooks": [],
      "afterHooks": [],
      "tests": [],
      "suites": [
        {
          "uuid": "d470a57f-3258-4f54-850c-cdbc2408da6c",
          "title": "My First Test",
          "fullFile": "",
          "file": "",
          "beforeHooks": [],
          "afterHooks": [],
          "tests": [
            {
              "title": "Visits the initial project page",
              "fullTitle": "My First Test Visits the initial project page",
              "timedOut": null,
              "duration": 5829,
              "state": "failed",
              "speed": null,
              "pass": false,
              "fail": true,
              "pending": false,
              "context": null,
              "code": "cy.visit('/');\ncy.contains('app is running');",
              "err": {
                "message": "AssertionError: Timed out retrying after 4000ms: Expected to find content: 'app is running' but never did.",
                "estack": "AssertionError: Timed out retrying after 4000ms: Expected to find content: 'app is running' but never did.\n    at Context.eval (webpack://day-09/./cypress/e2e/spec.cy.ts:4:7)",
                "diff": null
              },
              "uuid": "7346d013-23fb-46de-b8a4-954e469566ec",
              "parentUUID": "d470a57f-3258-4f54-850c-cdbc2408da6c",
              "isHook": false,
              "skipped": false
            }
          ],
          "suites": [],
          "passes": [],
          "failures": [
            "7346d013-23fb-46de-b8a4-954e469566ec"
          ],
          "pending": [],
          "skipped": [],
          "duration": 5829,
          "root": false,
          "rootEmpty": false,
          "_timeout": 2000
        }
      ],
      "passes": [],
      "failures": [],
      "pending": [],
      "skipped": [],
      "duration": 0,
      "root": true,
      "rootEmpty": true,
      "_timeout": 2000
    }
  ],
  "meta": {
    "mocha": {
      "version": "7.2.0"
    },
    "mochawesome": {
      "options": {
        "quiet": false,
        "reportFilename": "mochawesome",
        "saveHtml": true,
        "saveJson": true,
        "consoleReporter": "spec",
        "useInlineDiffs": false,
        "code": true
      },
      "version": "7.1.3"
    },
    "marge": {
      "options": {
        "reportDir": "cypress/reports",
        "overwrite": false,
        "html": true,
        "json": true
      },
      "version": "6.2.0"
    }
  }
}