{
  "stats": {
    "suites": 1,
    "tests": 4,
    "passes": 4,
    "pending": 0,
    "failures": 0,
    "start": "2025-04-22T02:21:27.765Z",
    "end": "2025-04-22T02:21:37.731Z",
    "duration": 9966,
    "testsRegistered": 4,
    "passPercent": 100,
    "pendingPercent": 0,
    "other": 0,
    "hasOther": false,
    "skipped": 0,
    "hasSkipped": false
  },
  "results": [
    {
      "uuid": "2f3a1986-4b84-4ed7-b253-e6a045cb3dc2",
      "title": "",
      "fullFile": "cypress\\e2e\\dashboard.cy.ts",
      "file": "cypress\\e2e\\dashboard.cy.ts",
      "beforeHooks": [],
      "afterHooks": [],
      "tests": [],
      "suites": [
        {
          "uuid": "5885786c-ac59-4b9f-853a-788c8ca11dbf",
          "title": "Dashboard",
          "fullFile": "",
          "file": "",
          "beforeHooks": [],
          "afterHooks": [],
          "tests": [
            {
              "title": "should display user information",
              "fullTitle": "Dashboard should display user information",
              "timedOut": null,
              "duration": 5795,
              "state": "passed",
              "speed": "medium",
              "pass": true,
              "fail": false,
              "pending": false,
              "context": null,
              "code": "dashboardPage.shouldContainUserName('Test User');",
              "err": {},
              "uuid": "eaf99707-bb8b-4c8f-bdd6-0c3342b8529c",
              "parentUUID": "5885786c-ac59-4b9f-853a-788c8ca11dbf",
              "isHook": false,
              "skipped": false
            },
            {
              "title": "should display dashboard items",
              "fullTitle": "Dashboard should display dashboard items",
              "timedOut": null,
              "duration": 961,
              "state": "passed",
              "speed": "fast",
              "pass": true,
              "fail": false,
              "pending": false,
              "context": null,
              "code": "dashboardPage.shouldHaveDashboardItems(3);",
              "err": {},
              "uuid": "15a4ad20-730f-4fc9-a32e-12bf67f4ba5d",
              "parentUUID": "5885786c-ac59-4b9f-853a-788c8ca11dbf",
              "isHook": false,
              "skipped": false
            },
            {
              "title": "should redirect to login after logout",
              "fullTitle": "Dashboard should redirect to login after logout",
              "timedOut": null,
              "duration": 1037,
              "state": "passed",
              "speed": "fast",
              "pass": true,
              "fail": false,
              "pending": false,
              "context": null,
              "code": "dashboardPage.clickLogout();\nloginPage.checkUrl('/login');",
              "err": {},
              "uuid": "a45d7302-597e-4191-915f-ffe5e39b956d",
              "parentUUID": "5885786c-ac59-4b9f-853a-788c8ca11dbf",
              "isHook": false,
              "skipped": false
            },
            {
              "title": "should not allow access to dashboard when not logged in",
              "fullTitle": "Dashboard should not allow access to dashboard when not logged in",
              "timedOut": null,
              "duration": 1804,
              "state": "passed",
              "speed": "fast",
              "pass": true,
              "fail": false,
              "pending": false,
              "context": null,
              "code": "// First logout\ndashboardPage.clickLogout();\n// Try to access dashboard directly\ndashboardPage.visit();\n// Should redirect to login\nloginPage.checkUrl('/login');",
              "err": {},
              "uuid": "567733d8-597f-4f95-9891-ad013c572c9b",
              "parentUUID": "5885786c-ac59-4b9f-853a-788c8ca11dbf",
              "isHook": false,
              "skipped": false
            }
          ],
          "suites": [],
          "passes": [
            "eaf99707-bb8b-4c8f-bdd6-0c3342b8529c",
            "15a4ad20-730f-4fc9-a32e-12bf67f4ba5d",
            "a45d7302-597e-4191-915f-ffe5e39b956d",
            "567733d8-597f-4f95-9891-ad013c572c9b"
          ],
          "failures": [],
          "pending": [],
          "skipped": [],
          "duration": 9597,
          "root": false,
          "rootEmpty": false,
          "_timeout": 2000
        }
      ],
      "passes": [],
      "failures": [],
      "pending": [],
      "skipped": [],
      "duration": 0,
      "root": true,
      "rootEmpty": true,
      "_timeout": 2000
    }
  ],
  "meta": {
    "mocha": {
      "version": "7.2.0"
    },
    "mochawesome": {
      "options": {
        "quiet": false,
        "reportFilename": "mochawesome",
        "saveHtml": true,
        "saveJson": true,
        "consoleReporter": "spec",
        "useInlineDiffs": false,
        "code": true
      },
      "version": "7.1.3"
    },
    "marge": {
      "options": {
        "reportDir": "cypress/reports",
        "overwrite": false,
        "html": true,
        "json": true
      },
      "version": "6.2.0"
    }
  }
}