{
  "stats": {
    "suites": 1,
    "tests": 4,
    "passes": 4,
    "pending": 0,
    "failures": 0,
    "start": "2025-04-22T02:21:43.196Z",
    "end": "2025-04-22T02:21:50.309Z",
    "duration": 7113,
    "testsRegistered": 4,
    "passPercent": 100,
    "pendingPercent": 0,
    "other": 0,
    "hasOther": false,
    "skipped": 0,
    "hasSkipped": false
  },
  "results": [
    {
      "uuid": "4309e469-404d-4e1e-9c3b-926d1def9554",
      "title": "",
      "fullFile": "cypress\\e2e\\login.cy.ts",
      "file": "cypress\\e2e\\login.cy.ts",
      "beforeHooks": [],
      "afterHooks": [],
      "tests": [],
      "suites": [
        {
          "uuid": "088ca9a7-3adf-4283-8d3d-a607e2c37abe",
          "title": "Login Flow",
          "fullFile": "",
          "file": "",
          "beforeHooks": [],
          "afterHooks": [],
          "tests": [
            {
              "title": "should display login form",
              "fullTitle": "Login Flow should display login form",
              "timedOut": null,
              "duration": 1500,
              "state": "passed",
              "speed": "fast",
              "pass": true,
              "fail": false,
              "pending": false,
              "context": null,
              "code": "cy.get('[data-cy=email-input]').should('be.visible');\ncy.get('[data-cy=password-input]').should('be.visible');\ncy.get('[data-cy=login-button]').should('be.visible');",
              "err": {},
              "uuid": "7526d6da-1669-4d39-ba21-1b028e40d80f",
              "parentUUID": "088ca9a7-3adf-4283-8d3d-a607e2c37abe",
              "isHook": false,
              "skipped": false
            },
            {
              "title": "should require both email and password",
              "fullTitle": "Login Flow should require both email and password",
              "timedOut": null,
              "duration": 1941,
              "state": "passed",
              "speed": "fast",
              "pass": true,
              "fail": false,
              "pending": false,
              "context": null,
              "code": "// Button should be disabled when form is invalid\ncy.get('[data-cy=login-button]').should('be.disabled');\n// Fill only email\nloginPage.fillEmail('test@example.com');\ncy.get('[data-cy=login-button]').should('be.disabled');\n// Fill only password\ncy.get('[data-cy=email-input]').clear();\nloginPage.fillPassword('password');\ncy.get('[data-cy=login-button]').should('be.disabled');\n// Fill both\nloginPage.fillEmail('test@example.com');\ncy.get('[data-cy=login-button]').should('not.be.disabled');",
              "err": {},
              "uuid": "57b963ba-9ca5-42f0-b128-48e32cf1a7a4",
              "parentUUID": "088ca9a7-3adf-4283-8d3d-a607e2c37abe",
              "isHook": false,
              "skipped": false
            },
            {
              "title": "should login with valid credentials",
              "fullTitle": "Login Flow should login with valid credentials",
              "timedOut": null,
              "duration": 1656,
              "state": "passed",
              "speed": "fast",
              "pass": true,
              "fail": false,
              "pending": false,
              "context": null,
              "code": "loginPage.login('test@example.com', 'password123');\n// Should redirect to dashboard\ndashboardPage.checkUrl('/dashboard');\ndashboardPage.shouldContainUserName('Test User');",
              "err": {},
              "uuid": "c3fe7c61-ea9a-48f9-892b-f2af5cbd4b58",
              "parentUUID": "088ca9a7-3adf-4283-8d3d-a607e2c37abe",
              "isHook": false,
              "skipped": false
            },
            {
              "title": "should show error with invalid credentials",
              "fullTitle": "Login Flow should show error with invalid credentials",
              "timedOut": null,
              "duration": 1768,
              "state": "passed",
              "speed": "fast",
              "pass": true,
              "fail": false,
              "pending": false,
              "context": null,
              "code": "loginPage.login('wrong@example.com', 'wrongpassword');\n// Should stay on login page and show error\nloginPage.checkUrl('/login');\nloginPage.shouldShowErrorMessage();",
              "err": {},
              "uuid": "d5fb5dc9-5881-4e79-bc48-63cb2a8b7c48",
              "parentUUID": "088ca9a7-3adf-4283-8d3d-a607e2c37abe",
              "isHook": false,
              "skipped": false
            }
          ],
          "suites": [],
          "passes": [
            "7526d6da-1669-4d39-ba21-1b028e40d80f",
            "57b963ba-9ca5-42f0-b128-48e32cf1a7a4",
            "c3fe7c61-ea9a-48f9-892b-f2af5cbd4b58",
            "d5fb5dc9-5881-4e79-bc48-63cb2a8b7c48"
          ],
          "failures": [],
          "pending": [],
          "skipped": [],
          "duration": 6865,
          "root": false,
          "rootEmpty": false,
          "_timeout": 2000
        }
      ],
      "passes": [],
      "failures": [],
      "pending": [],
      "skipped": [],
      "duration": 0,
      "root": true,
      "rootEmpty": true,
      "_timeout": 2000
    }
  ],
  "meta": {
    "mocha": {
      "version": "7.2.0"
    },
    "mochawesome": {
      "options": {
        "quiet": false,
        "reportFilename": "mochawesome",
        "saveHtml": true,
        "saveJson": true,
        "consoleReporter": "spec",
        "useInlineDiffs": false,
        "code": true
      },
      "version": "7.1.3"
    },
    "marge": {
      "options": {
        "reportDir": "cypress/reports",
        "overwrite": false,
        "html": true,
        "json": true
      },
      "version": "6.2.0"
    }
  }
}